Release 14.7 - xst P.20131013 (nt64)
Copyright (c) 1995-2013 Xilinx, Inc.  All rights reserved.
--> Parameter TMPDIR set to xst/projnav.tmp


Total REAL time to Xst completion: 0.00 secs
Total CPU time to Xst completion: 0.31 secs
 
--> Parameter xsthdpdir set to xst


Total REAL time to Xst completion: 0.00 secs
Total CPU time to Xst completion: 0.31 secs
 
--> Reading design: seven_segment_driver.prj

TABLE OF CONTENTS
  1) Synthesis Options Summary
  2) HDL Compilation
  3) Design Hierarchy Analysis
  4) HDL Analysis
  5) HDL Synthesis
     5.1) HDL Synthesis Report
  6) Advanced HDL Synthesis
     6.1) Advanced HDL Synthesis Report
  7) Low Level Synthesis
  8) Partition Report
  9) Final Report
	9.1) Device utilization summary
	9.2) Partition Resource Summary
	9.3) TIMING REPORT


=========================================================================
*                      Synthesis Options Summary                        *
=========================================================================
---- Source Parameters
Input File Name                    : "seven_segment_driver.prj"
Input Format                       : mixed
Ignore Synthesis Constraint File   : NO

---- Target Parameters
Output File Name                   : "seven_segment_driver"
Output Format                      : NGC
Target Device                      : xc3s100e-5-cp132

---- Source Options
Top Module Name                    : seven_segment_driver
Automatic FSM Extraction           : YES
FSM Encoding Algorithm             : Auto
Safe Implementation                : No
FSM Style                          : LUT
RAM Extraction                     : Yes
RAM Style                          : Auto
ROM Extraction                     : Yes
Mux Style                          : Auto
Decoder Extraction                 : YES
Priority Encoder Extraction        : Yes
Shift Register Extraction          : YES
Logical Shifter Extraction         : YES
XOR Collapsing                     : YES
ROM Style                          : Auto
Mux Extraction                     : Yes
Resource Sharing                   : YES
Asynchronous To Synchronous        : NO
Multiplier Style                   : Auto
Automatic Register Balancing       : No

---- Target Options
Add IO Buffers                     : YES
Global Maximum Fanout              : 100000
Add Generic Clock Buffer(BUFG)     : 24
Register Duplication               : YES
Slice Packing                      : YES
Optimize Instantiated Primitives   : NO
Use Clock Enable                   : Yes
Use Synchronous Set                : Yes
Use Synchronous Reset              : Yes
Pack IO Registers into IOBs        : Auto
Equivalent register Removal        : YES

---- General Options
Optimization Goal                  : Speed
Optimization Effort                : 1
Keep Hierarchy                     : No
Netlist Hierarchy                  : As_Optimized
RTL Output                         : Yes
Global Optimization                : AllClockNets
Read Cores                         : YES
Write Timing Constraints           : NO
Cross Clock Analysis               : NO
Hierarchy Separator                : /
Bus Delimiter                      : <>
Case Specifier                     : Maintain
Slice Utilization Ratio            : 100
BRAM Utilization Ratio             : 100
Verilog 2001                       : YES
Auto BRAM Packing                  : NO
Slice Utilization Ratio Delta      : 5

=========================================================================


=========================================================================
*                          HDL Compilation                              *
=========================================================================
Compiling verilog file "seven_segment_driver.v" in library work
Module <seven_segment_driver> compiled
No errors in compilation
Analysis of file <"seven_segment_driver.prj"> succeeded.
 

=========================================================================
*                     Design Hierarchy Analysis                         *
=========================================================================
Analyzing hierarchy for module <seven_segment_driver> in library <work>.


=========================================================================
*                            HDL Analysis                               *
=========================================================================
Analyzing top module <seven_segment_driver>.
	Calling function <bcd_to_7segment>.
	Calling function <bcd_to_7segment>.
	Calling function <bcd_to_7segment>.
	Calling function <bcd_to_7segment>.
Module <seven_segment_driver> is correct for synthesis.
 

=========================================================================
*                           HDL Synthesis                               *
=========================================================================

Performing bidirectional port resolution...

Synthesizing Unit <seven_segment_driver>.
    Related source file is "seven_segment_driver.v".
    Found 16x7-bit ROM for signal <bcd_to_7segment/1/bcd_to_7segment>.
    Found 16x7-bit ROM for signal <bcd_to_7segment/2/bcd_to_7segment>.
    Found 16x7-bit ROM for signal <bcd_to_7segment/3/bcd_to_7segment>.
    Found 16x7-bit ROM for signal <bcd_to_7segment/4/bcd_to_7segment>.
    Found 4-bit register for signal <AN_value>.
    Found 7-bit register for signal <seg_data>.
    Found 1-of-4 decoder for signal <AN_value$mux0000> created at line 41.
    Found 20-bit up counter for signal <count>.
    Found 7-bit 4-to-1 multiplexer for signal <seg_data$mux0000> created at line 41.
    Summary:
	inferred   4 ROM(s).
	inferred   1 Counter(s).
	inferred   4 D-type flip-flop(s).
	inferred   7 Multiplexer(s).
	inferred   1 Decoder(s).
Unit <seven_segment_driver> synthesized.


=========================================================================
HDL Synthesis Report

Macro Statistics
# ROMs                                                 : 4
 16x7-bit ROM                                          : 4
# Counters                                             : 1
 20-bit up counter                                     : 1
# Registers                                            : 2
 4-bit register                                        : 1
 7-bit register                                        : 1
# Multiplexers                                         : 1
 7-bit 4-to-1 multiplexer                              : 1
# Decoders                                             : 1
 1-of-4 decoder                                        : 1

=========================================================================

=========================================================================
*                       Advanced HDL Synthesis                          *
=========================================================================


=========================================================================
Advanced HDL Synthesis Report

Macro Statistics
# ROMs                                                 : 4
 16x7-bit ROM                                          : 4
# Counters                                             : 1
 20-bit up counter                                     : 1
# Registers                                            : 11
 Flip-Flops                                            : 11
# Multiplexers                                         : 1
 7-bit 4-to-1 multiplexer                              : 1
# Decoders                                             : 1
 1-of-4 decoder                                        : 1

=========================================================================

=========================================================================
*                         Low Level Synthesis                           *
=========================================================================

Optimizing unit <seven_segment_driver> ...

Mapping all equations...
Building and optimizing final netlist ...
Found area constraint ratio of 100 (+ 5) on block seven_segment_driver, actual ratio is 5.
FlipFlop count_18 has been replicated 1 time(s)

Final Macro Processing ...

=========================================================================
Final Register Report

Macro Statistics
# Registers                                            : 32
 Flip-Flops                                            : 32

=========================================================================

=========================================================================
*                           Partition Report                            *
=========================================================================

Partition Implementation Status
-------------------------------

  No Partitions were found in this design.

-------------------------------

=========================================================================
*                            Final Report                               *
=========================================================================
Final Results
RTL Top Level Output File Name     : seven_segment_driver.ngr
Top Level Output File Name         : seven_segment_driver
Output Format                      : NGC
Optimization Goal                  : Speed
Keep Hierarchy                     : No

Design Statistics
# IOs                              : 29

Cell Usage :
# BELS                             : 146
#      GND                         : 1
#      INV                         : 3
#      LUT1                        : 19
#      LUT2                        : 24
#      LUT3                        : 14
#      LUT4                        : 33
#      MUXCY                       : 24
#      MUXF5                       : 7
#      VCC                         : 1
#      XORCY                       : 20
# FlipFlops/Latches                : 32
#      FDC                         : 21
#      FDCE                        : 10
#      FDPE                        : 1
# Clock Buffers                    : 1
#      BUFGP                       : 1
# IO Buffers                       : 28
#      IBUF                        : 17
#      OBUF                        : 11
=========================================================================

Device utilization summary:
---------------------------

Selected Device : 3s100ecp132-5 

 Number of Slices:                       49  out of    960     5%  
 Number of Slice Flip Flops:             32  out of   1920     1%  
 Number of 4 input LUTs:                 93  out of   1920     4%  
 Number of IOs:                          29
 Number of bonded IOBs:                  29  out of     83    34%  
 Number of GCLKs:                         1  out of     24     4%  

---------------------------
Partition Resource Summary:
---------------------------

  No Partitions were found in this design.

---------------------------


=========================================================================
TIMING REPORT

NOTE: THESE TIMING NUMBERS ARE ONLY A SYNTHESIS ESTIMATE.
      FOR ACCURATE TIMING INFORMATION PLEASE REFER TO THE TRACE REPORT
      GENERATED AFTER PLACE-and-ROUTE.

Clock Information:
------------------
-----------------------------------+------------------------+-------+
Clock Signal                       | Clock buffer(FF name)  | Load  |
-----------------------------------+------------------------+-------+
clk                                | BUFGP                  | 32    |
-----------------------------------+------------------------+-------+

Asynchronous Control Signals Information:
----------------------------------------
-----------------------------------+------------------------+-------+
Control Signal                     | Buffer(FF name)        | Load  |
-----------------------------------+------------------------+-------+
reset_inv(reset_inv1_INV_0:O)      | NONE(AN_value_0)       | 32    |
-----------------------------------+------------------------+-------+

Timing Summary:
---------------
Speed Grade: -5

   Minimum period: 5.590ns (Maximum Frequency: 178.878MHz)
   Minimum input arrival time before clock: 4.056ns
   Maximum output required time after clock: 4.040ns
   Maximum combinational path delay: No path found

Timing Detail:
--------------
All values displayed in nanoseconds (ns)

=========================================================================
Timing constraint: Default period analysis for Clock 'clk'
  Clock period: 5.590ns (frequency: 178.878MHz)
  Total number of paths / destination ports: 898 / 43
-------------------------------------------------------------------------
Delay:               5.590ns (Levels of Logic = 3)
  Source:            count_19 (FF)
  Destination:       AN_value_0 (FF)
  Source Clock:      clk rising
  Destination Clock: clk rising

  Data Path: count_19 to AN_value_0
                                Gate     Net
    Cell:in->out      fanout   Delay   Delay  Logical Name (Net Name)
    ----------------------------------------  ------------
     FDC:C->Q             13   0.514   0.866  count_19 (count_19)
     LUT4:I2->O            1   0.612   0.000  count_cmp_eq0000_wg_lut<4> (count_cmp_eq0000_wg_lut<4>)
     MUXCY:S->O           21   0.752   0.959  count_cmp_eq0000_wg_cy<4> (count_cmp_eq0000)
     INV:I->O             11   0.612   0.793  count_cmp_eq0000_inv1_INV_0 (count_cmp_eq0000_inv)
     FDCE:CE                   0.483          AN_value_0
    ----------------------------------------
    Total                      5.590ns (2.973ns logic, 2.617ns route)
                                       (53.2% logic, 46.8% route)

=========================================================================
Timing constraint: Default OFFSET IN BEFORE for Clock 'clk'
  Total number of paths / destination ports: 112 / 7
-------------------------------------------------------------------------
Offset:              4.056ns (Levels of Logic = 4)
  Source:            d<1> (PAD)
  Destination:       seg_data_5 (FF)
  Destination Clock: clk rising

  Data Path: d<1> to seg_data_5
                                Gate     Net
    Cell:in->out      fanout   Delay   Delay  Logical Name (Net Name)
    ----------------------------------------  ------------
     IBUF:I->O             7   1.106   0.754  d_1_IBUF (d_1_IBUF)
     LUT4:I0->O            1   0.612   0.426  Mrom_bcd_to_7segment_1_bcd_to_7segment21 (Mrom_bcd_to_7segment_1_bcd_to_7segment2)
     LUT3:I1->O            1   0.612   0.000  Mmux_seg_data_mux0000_42 (Mmux_seg_data_mux0000_42)
     MUXF5:I0->O           1   0.278   0.000  Mmux_seg_data_mux0000_2_f5_1 (seg_data_mux0000<2>)
     FDCE:D                    0.268          seg_data_2
    ----------------------------------------
    Total                      4.056ns (2.876ns logic, 1.180ns route)
                                       (70.9% logic, 29.1% route)

=========================================================================
Timing constraint: Default OFFSET OUT AFTER for Clock 'clk'
  Total number of paths / destination ports: 11 / 11
-------------------------------------------------------------------------
Offset:              4.040ns (Levels of Logic = 1)
  Source:            seg_data_6 (FF)
  Destination:       seg_data<6> (PAD)
  Source Clock:      clk rising

  Data Path: seg_data_6 to seg_data<6>
                                Gate     Net
    Cell:in->out      fanout   Delay   Delay  Logical Name (Net Name)
    ----------------------------------------  ------------
     FDCE:C->Q             1   0.514   0.357  seg_data_6 (seg_data_6)
     OBUF:I->O                 3.169          seg_data_6_OBUF (seg_data<6>)
    ----------------------------------------
    Total                      4.040ns (3.683ns logic, 0.357ns route)
                                       (91.2% logic, 8.8% route)

=========================================================================


Total REAL time to Xst completion: 26.00 secs
Total CPU time to Xst completion: 26.80 secs
 
--> 

Total memory usage is 4550064 kilobytes

Number of errors   :    0 (   0 filtered)
Number of warnings :    0 (   0 filtered)
Number of infos    :    0 (   0 filtered)

